{"level":"info","message":"Hello from Acquisitions!","service":"acquisitions-api","timestamp":"2026-02-28T04:14:00.808Z"}
{"level":"info","message":"::1 - - [28/Feb/2026:04:14:00 +0000] \"GET / HTTP/1.1\" 200 24 \"-\" \"Mozilla/5.0 (Windows NT 10.0; Win64; x64) AppleWebKit/537.36 (KHTML, like Gecko) Chrome/145.0.0.0 Safari/537.36\"","service":"acquisitions-api","timestamp":"2026-02-28T04:14:00.817Z"}
{"level":"info","message":"::1 - - [28/Feb/2026:04:14:00 +0000] \"GET /favicon.ico HTTP/1.1\" 404 150 \"-\" \"Mozilla/5.0 (Windows NT 10.0; Win64; x64) AppleWebKit/537.36 (KHTML, like Gecko) Chrome/145.0.0.0 Safari/537.36\"","service":"acquisitions-api","timestamp":"2026-02-28T04:14:00.862Z"}
{"level":"info","message":"Hello from Acquisitions!","service":"acquisitions-api","timestamp":"2026-02-28T04:15:12.306Z"}
{"level":"info","message":"::1 - - [28/Feb/2026:04:15:12 +0000] \"GET / HTTP/1.1\" 304 - \"-\" \"Mozilla/5.0 (Windows NT 10.0; Win64; x64) AppleWebKit/537.36 (KHTML, like Gecko) Chrome/145.0.0.0 Safari/537.36\"","service":"acquisitions-api","timestamp":"2026-02-28T04:15:12.308Z"}
{"level":"info","message":"Hello from Acquisitions!","service":"acquisitions-api","timestamp":"2026-02-28T04:15:13.844Z"}
{"level":"info","message":"::1 - - [28/Feb/2026:04:15:13 +0000] \"GET / HTTP/1.1\" 304 - \"-\" \"Mozilla/5.0 (Windows NT 10.0; Win64; x64) AppleWebKit/537.36 (KHTML, like Gecko) Chrome/145.0.0.0 Safari/537.36\"","service":"acquisitions-api","timestamp":"2026-02-28T04:15:13.845Z"}
{"level":"info","message":"Hello from Acquisitions!","service":"acquisitions-api","timestamp":"2026-02-28T04:15:14.606Z"}
{"level":"info","message":"::1 - - [28/Feb/2026:04:15:14 +0000] \"GET / HTTP/1.1\" 304 - \"-\" \"Mozilla/5.0 (Windows NT 10.0; Win64; x64) AppleWebKit/537.36 (KHTML, like Gecko) Chrome/145.0.0.0 Safari/537.36\"","service":"acquisitions-api","timestamp":"2026-02-28T04:15:14.608Z"}
{"level":"info","message":"Hello from Acquisitions!","service":"acquisitions-api","timestamp":"2026-02-28T05:52:26.985Z"}
{"level":"info","message":"::1 - - [28/Feb/2026:05:52:26 +0000] \"GET / HTTP/1.1\" 200 24 \"-\" \"Mozilla/5.0 (Windows NT 10.0; Win64; x64) AppleWebKit/537.36 (KHTML, like Gecko) Chrome/145.0.0.0 Safari/537.36\"","service":"acquisitions-api","timestamp":"2026-02-28T05:52:26.994Z"}
{"level":"info","message":"::1 - - [28/Feb/2026:05:52:59 +0000] \"GET /health HTTP/1.1\" 200 74 \"-\" \"Mozilla/5.0 (Windows NT 10.0; Win64; x64) AppleWebKit/537.36 (KHTML, like Gecko) Chrome/145.0.0.0 Safari/537.36\"","service":"acquisitions-api","timestamp":"2026-02-28T05:52:59.382Z"}
{"level":"info","message":"::1 - - [28/Feb/2026:05:53:07 +0000] \"GET /health HTTP/1.1\" 200 73 \"-\" \"Mozilla/5.0 (Windows NT 10.0; Win64; x64) AppleWebKit/537.36 (KHTML, like Gecko) Chrome/145.0.0.0 Safari/537.36\"","service":"acquisitions-api","timestamp":"2026-02-28T05:53:07.444Z"}
{"level":"info","message":"::1 - - [28/Feb/2026:05:53:26 +0000] \"GET /health HTTP/1.1\" 200 74 \"-\" \"Mozilla/5.0 (Windows NT 10.0; Win64; x64) AppleWebKit/537.36 (KHTML, like Gecko) Chrome/145.0.0.0 Safari/537.36\"","service":"acquisitions-api","timestamp":"2026-02-28T05:53:26.879Z"}
{"level":"info","message":"::1 - - [28/Feb/2026:05:53:27 +0000] \"GET /health HTTP/1.1\" 200 74 \"-\" \"Mozilla/5.0 (Windows NT 10.0; Win64; x64) AppleWebKit/537.36 (KHTML, like Gecko) Chrome/145.0.0.0 Safari/537.36\"","service":"acquisitions-api","timestamp":"2026-02-28T05:53:27.921Z"}
{"level":"info","message":"::1 - - [28/Feb/2026:05:53:28 +0000] \"GET /health HTTP/1.1\" 200 73 \"-\" \"Mozilla/5.0 (Windows NT 10.0; Win64; x64) AppleWebKit/537.36 (KHTML, like Gecko) Chrome/145.0.0.0 Safari/537.36\"","service":"acquisitions-api","timestamp":"2026-02-28T05:53:28.737Z"}
{"level":"info","message":"::1 - - [28/Feb/2026:05:53:29 +0000] \"GET /health HTTP/1.1\" 200 74 \"-\" \"Mozilla/5.0 (Windows NT 10.0; Win64; x64) AppleWebKit/537.36 (KHTML, like Gecko) Chrome/145.0.0.0 Safari/537.36\"","service":"acquisitions-api","timestamp":"2026-02-28T05:53:29.301Z"}
{"level":"info","message":"::1 - - [28/Feb/2026:05:53:29 +0000] \"GET /health HTTP/1.1\" 200 74 \"-\" \"Mozilla/5.0 (Windows NT 10.0; Win64; x64) AppleWebKit/537.36 (KHTML, like Gecko) Chrome/145.0.0.0 Safari/537.36\"","service":"acquisitions-api","timestamp":"2026-02-28T05:53:29.489Z"}
{"level":"info","message":"::1 - - [28/Feb/2026:05:53:29 +0000] \"GET /health HTTP/1.1\" 200 74 \"-\" \"Mozilla/5.0 (Windows NT 10.0; Win64; x64) AppleWebKit/537.36 (KHTML, like Gecko) Chrome/145.0.0.0 Safari/537.36\"","service":"acquisitions-api","timestamp":"2026-02-28T05:53:29.646Z"}
{"level":"info","message":"::1 - - [28/Feb/2026:05:53:29 +0000] \"GET /health HTTP/1.1\" 200 74 \"-\" \"Mozilla/5.0 (Windows NT 10.0; Win64; x64) AppleWebKit/537.36 (KHTML, like Gecko) Chrome/145.0.0.0 Safari/537.36\"","service":"acquisitions-api","timestamp":"2026-02-28T05:53:29.872Z"}
{"level":"info","message":"Hello from Acquisitions!","service":"acquisitions-api","timestamp":"2026-02-28T05:56:57.492Z"}
{"level":"info","message":"::1 - - [28/Feb/2026:05:56:57 +0000] \"GET / HTTP/1.1\" 200 24 \"-\" \"HTTPie\"","service":"acquisitions-api","timestamp":"2026-02-28T05:56:57.494Z"}
{"level":"info","message":"Hello from Acquisitions!","service":"acquisitions-api","timestamp":"2026-02-28T05:57:12.522Z"}
{"level":"info","message":"::1 - - [28/Feb/2026:05:57:12 +0000] \"GET / HTTP/1.1\" 200 24 \"-\" \"HTTPie\"","service":"acquisitions-api","timestamp":"2026-02-28T05:57:12.523Z"}
{"level":"info","message":"::1 - - [28/Feb/2026:05:57:43 +0000] \"GET /api HTTP/1.1\" 200 41 \"-\" \"HTTPie\"","service":"acquisitions-api","timestamp":"2026-02-28T05:57:43.313Z"}
{"level":"info","message":"::1 - - [28/Feb/2026:05:58:13 +0000] \"GET /apias HTTP/1.1\" 404 144 \"-\" \"HTTPie\"","service":"acquisitions-api","timestamp":"2026-02-28T05:58:13.425Z"}
{"level":"info","message":"::1 - - [28/Feb/2026:05:58:30 +0000] \"GET /health HTTP/1.1\" 200 75 \"-\" \"HTTPie\"","service":"acquisitions-api","timestamp":"2026-02-28T05:58:30.470Z"}
{"level":"info","message":"::1 - - [28/Feb/2026:05:59:00 +0000] \"POST /api/auth/sign-in HTTP/1.1\" 200 31 \"-\" \"HTTPie\"","service":"acquisitions-api","timestamp":"2026-02-28T05:59:00.328Z"}
{"level":"info","message":"::1 - - [28/Feb/2026:05:59:10 +0000] \"GET /api/auth/sign-in HTTP/1.1\" 404 155 \"-\" \"HTTPie\"","service":"acquisitions-api","timestamp":"2026-02-28T05:59:10.174Z"}
{"level":"info","message":"::1 - - [28/Feb/2026:06:00:50 +0000] \"POST /api/auth/sign-in HTTP/1.1\" 200 31 \"-\" \"HTTPie\"","service":"acquisitions-api","timestamp":"2026-02-28T06:00:50.329Z"}
{"level":"info","message":"::1 - - [28/Feb/2026:06:53:28 +0000] \"POST /api/auth/sign-up HTTP/1.1\" 200 31 \"-\" \"HTTPie\"","service":"acquisitions-api","timestamp":"2026-02-28T06:53:28.809Z"}
{"level":"error","message":"Signup error formatValidationErrors is not defined","service":"acquisitions-api","stack":"ReferenceError: formatValidationErrors is not defined\n    at signup (file:///C:/Users/Admin/Documents/Devops/acquisitions/acquisitions/src/controllers/auth.controller.js:13:26)\n    at Layer.handleRequest (C:\\Users\\Admin\\Documents\\Devops\\acquisitions\\acquisitions\\node_modules\\router\\lib\\layer.js:152:17)\n    at next (C:\\Users\\Admin\\Documents\\Devops\\acquisitions\\acquisitions\\node_modules\\router\\lib\\route.js:157:13)\n    at Route.dispatch (C:\\Users\\Admin\\Documents\\Devops\\acquisitions\\acquisitions\\node_modules\\router\\lib\\route.js:117:3)\n    at handle (C:\\Users\\Admin\\Documents\\Devops\\acquisitions\\acquisitions\\node_modules\\router\\index.js:435:11)\n    at Layer.handleRequest (C:\\Users\\Admin\\Documents\\Devops\\acquisitions\\acquisitions\\node_modules\\router\\lib\\layer.js:152:17)\n    at C:\\Users\\Admin\\Documents\\Devops\\acquisitions\\acquisitions\\node_modules\\router\\index.js:295:15\n    at processParams (C:\\Users\\Admin\\Documents\\Devops\\acquisitions\\acquisitions\\node_modules\\router\\index.js:582:12)\n    at next (C:\\Users\\Admin\\Documents\\Devops\\acquisitions\\acquisitions\\node_modules\\router\\index.js:291:5)\n    at Function.handle (C:\\Users\\Admin\\Documents\\Devops\\acquisitions\\acquisitions\\node_modules\\router\\index.js:186:3)","timestamp":"2026-02-28T06:55:51.579Z"}
{"level":"info","message":"::1 - - [28/Feb/2026:06:55:51 +0000] \"POST /api/auth/sign-up HTTP/1.1\" 400 1473 \"-\" \"HTTPie\"","service":"acquisitions-api","timestamp":"2026-02-28T06:55:51.585Z"}
{"level":"error","message":"Signup error formatValidationErrors is not defined","service":"acquisitions-api","stack":"ReferenceError: formatValidationErrors is not defined\n    at signup (file:///C:/Users/Admin/Documents/Devops/acquisitions/acquisitions/src/controllers/auth.controller.js:13:26)\n    at Layer.handleRequest (C:\\Users\\Admin\\Documents\\Devops\\acquisitions\\acquisitions\\node_modules\\router\\lib\\layer.js:152:17)\n    at next (C:\\Users\\Admin\\Documents\\Devops\\acquisitions\\acquisitions\\node_modules\\router\\lib\\route.js:157:13)\n    at Route.dispatch (C:\\Users\\Admin\\Documents\\Devops\\acquisitions\\acquisitions\\node_modules\\router\\lib\\route.js:117:3)\n    at handle (C:\\Users\\Admin\\Documents\\Devops\\acquisitions\\acquisitions\\node_modules\\router\\index.js:435:11)\n    at Layer.handleRequest (C:\\Users\\Admin\\Documents\\Devops\\acquisitions\\acquisitions\\node_modules\\router\\lib\\layer.js:152:17)\n    at C:\\Users\\Admin\\Documents\\Devops\\acquisitions\\acquisitions\\node_modules\\router\\index.js:295:15\n    at processParams (C:\\Users\\Admin\\Documents\\Devops\\acquisitions\\acquisitions\\node_modules\\router\\index.js:582:12)\n    at next (C:\\Users\\Admin\\Documents\\Devops\\acquisitions\\acquisitions\\node_modules\\router\\index.js:291:5)\n    at Function.handle (C:\\Users\\Admin\\Documents\\Devops\\acquisitions\\acquisitions\\node_modules\\router\\index.js:186:3)","timestamp":"2026-02-28T06:58:35.973Z"}
{"level":"info","message":"::1 - - [28/Feb/2026:06:58:35 +0000] \"POST /api/auth/sign-up HTTP/1.1\" 400 1473 \"-\" \"HTTPie\"","service":"acquisitions-api","timestamp":"2026-02-28T06:58:35.984Z"}
{"level":"info","message":"::1 - - [28/Feb/2026:07:01:06 +0000] \"POST /api/auth/sign-up HTTP/1.1\" 400 92 \"-\" \"HTTPie\"","service":"acquisitions-api","timestamp":"2026-02-28T07:01:06.306Z"}
{"level":"info","message":"::1 - - [28/Feb/2026:07:02:46 +0000] \"GET /api/auth/sign-up HTTP/1.1\" 404 155 \"-\" \"HTTPie\"","service":"acquisitions-api","timestamp":"2026-02-28T07:02:46.657Z"}
{"level":"info","message":"::1 - - [28/Feb/2026:07:02:53 +0000] \"POST /api/auth/sign-up HTTP/1.1\" 400 92 \"-\" \"HTTPie\"","service":"acquisitions-api","timestamp":"2026-02-28T07:02:53.053Z"}
{"level":"info","message":"::1 - - [28/Feb/2026:07:04:12 +0000] \"POST /api/auth/sign-up HTTP/1.1\" 400 91 \"-\" \"HTTPie\"","service":"acquisitions-api","timestamp":"2026-02-28T07:04:12.933Z"}
{"level":"info","message":"::1 - - [28/Feb/2026:07:04:17 +0000] \"POST /api/auth/sign-up HTTP/1.1\" 400 91 \"-\" \"HTTPie\"","service":"acquisitions-api","timestamp":"2026-02-28T07:04:17.835Z"}
{"level":"info","message":"::1 - - [28/Feb/2026:07:04:30 +0000] \"POST /api/auth/sign-up HTTP/1.1\" 400 91 \"-\" \"HTTPie\"","service":"acquisitions-api","timestamp":"2026-02-28T07:04:30.486Z"}
{"level":"info","message":"User registered successfully: contact@gmail.com","service":"acquisitions-api","timestamp":"2026-02-28T07:04:38.906Z"}
{"level":"info","message":"::1 - - [28/Feb/2026:07:04:38 +0000] \"POST /api/auth/sign-up HTTP/1.1\" 201 103 \"-\" \"HTTPie\"","service":"acquisitions-api","timestamp":"2026-02-28T07:04:38.908Z"}
{"level":"info","message":"User registered successfully: contact@gmail.com","service":"acquisitions-api","timestamp":"2026-02-28T07:05:03.869Z"}
{"level":"info","message":"::1 - - [28/Feb/2026:07:05:03 +0000] \"POST /api/auth/sign-up HTTP/1.1\" 201 103 \"-\" \"HTTPie\"","service":"acquisitions-api","timestamp":"2026-02-28T07:05:03.871Z"}
{"level":"info","message":"User registered successfully: contact@gmail.com","service":"acquisitions-api","timestamp":"2026-02-28T07:05:04.781Z"}
{"level":"info","message":"::1 - - [28/Feb/2026:07:05:04 +0000] \"POST /api/auth/sign-up HTTP/1.1\" 201 103 \"-\" \"HTTPie\"","service":"acquisitions-api","timestamp":"2026-02-28T07:05:04.782Z"}
{"level":"info","message":"User registered successfully: contact@gmail.com","service":"acquisitions-api","timestamp":"2026-02-28T07:05:08.414Z"}
{"level":"info","message":"::1 - - [28/Feb/2026:07:05:08 +0000] \"POST /api/auth/sign-up HTTP/1.1\" 201 104 \"-\" \"HTTPie\"","service":"acquisitions-api","timestamp":"2026-02-28T07:05:08.415Z"}
{"level":"info","message":"User registered successfully: contact@gmail.com","service":"acquisitions-api","timestamp":"2026-02-28T07:05:16.787Z"}
{"level":"info","message":"::1 - - [28/Feb/2026:07:05:16 +0000] \"POST /api/auth/sign-up HTTP/1.1\" 201 104 \"-\" \"HTTPie\"","service":"acquisitions-api","timestamp":"2026-02-28T07:05:16.788Z"}
{"level":"info","message":"::1 - - [28/Feb/2026:07:05:22 +0000] \"GET /api/auth/sign-up HTTP/1.1\" 404 155 \"-\" \"HTTPie\"","service":"acquisitions-api","timestamp":"2026-02-28T07:05:22.149Z"}
{"level":"info","message":"User registered successfully: contact@gmail.com","service":"acquisitions-api","timestamp":"2026-02-28T07:05:27.696Z"}
{"level":"info","message":"::1 - - [28/Feb/2026:07:05:27 +0000] \"POST /api/auth/sign-up HTTP/1.1\" 201 104 \"-\" \"HTTPie\"","service":"acquisitions-api","timestamp":"2026-02-28T07:05:27.698Z"}
{"level":"info","message":"User registered successfully: contact@gmail.com","service":"acquisitions-api","timestamp":"2026-02-28T07:05:46.203Z"}
{"level":"info","message":"::1 - - [28/Feb/2026:07:05:46 +0000] \"POST /api/auth/sign-up HTTP/1.1\" 201 104 \"-\" \"HTTPie\"","service":"acquisitions-api","timestamp":"2026-02-28T07:05:46.205Z"}
{"level":"info","message":"User registered successfully: contact@gmail.com","service":"acquisitions-api","timestamp":"2026-02-28T07:05:49.102Z"}
{"level":"info","message":"::1 - - [28/Feb/2026:07:05:49 +0000] \"POST /api/auth/sign-up HTTP/1.1\" 201 104 \"-\" \"HTTPie\"","service":"acquisitions-api","timestamp":"2026-02-28T07:05:49.103Z"}
{"level":"info","message":"User registered successfully: contact@gmail.com","service":"acquisitions-api","timestamp":"2026-02-28T07:06:08.281Z"}
{"level":"info","message":"::1 - - [28/Feb/2026:07:06:08 +0000] \"POST /api/auth/sign-up HTTP/1.1\" 201 104 \"-\" \"HTTPie\"","service":"acquisitions-api","timestamp":"2026-02-28T07:06:08.282Z"}
{"level":"error","message":"Signup error createUser is not defined","service":"acquisitions-api","stack":"ReferenceError: createUser is not defined\n    at signup (file:///C:/Users/Admin/Documents/Devops/acquisitions/acquisitions/src/controllers/auth.controller.js:17:22)\n    at Layer.handleRequest (C:\\Users\\Admin\\Documents\\Devops\\acquisitions\\acquisitions\\node_modules\\router\\lib\\layer.js:152:17)\n    at next (C:\\Users\\Admin\\Documents\\Devops\\acquisitions\\acquisitions\\node_modules\\router\\lib\\route.js:157:13)\n    at Route.dispatch (C:\\Users\\Admin\\Documents\\Devops\\acquisitions\\acquisitions\\node_modules\\router\\lib\\route.js:117:3)\n    at handle (C:\\Users\\Admin\\Documents\\Devops\\acquisitions\\acquisitions\\node_modules\\router\\index.js:435:11)\n    at Layer.handleRequest (C:\\Users\\Admin\\Documents\\Devops\\acquisitions\\acquisitions\\node_modules\\router\\lib\\layer.js:152:17)\n    at C:\\Users\\Admin\\Documents\\Devops\\acquisitions\\acquisitions\\node_modules\\router\\index.js:295:15\n    at processParams (C:\\Users\\Admin\\Documents\\Devops\\acquisitions\\acquisitions\\node_modules\\router\\index.js:582:12)\n    at next (C:\\Users\\Admin\\Documents\\Devops\\acquisitions\\acquisitions\\node_modules\\router\\index.js:291:5)\n    at Function.handle (C:\\Users\\Admin\\Documents\\Devops\\acquisitions\\acquisitions\\node_modules\\router\\index.js:186:3)","timestamp":"2026-02-28T07:43:25.121Z"}
{"level":"info","message":"::1 - - [28/Feb/2026:07:43:25 +0000] \"POST /api/auth/sign-up HTTP/1.1\" 500 1461 \"-\" \"HTTPie\"","service":"acquisitions-api","timestamp":"2026-02-28T07:43:25.130Z"}
{"level":"info","message":"Hello from Acquisitions!","service":"acquisitions-api","timestamp":"2026-02-28T07:45:19.166Z"}
{"level":"info","message":"::1 - - [28/Feb/2026:07:45:19 +0000] \"GET / HTTP/1.1\" 304 - \"-\" \"Mozilla/5.0 (Windows NT 10.0; Win64; x64) AppleWebKit/537.36 (KHTML, like Gecko) Chrome/145.0.0.0 Safari/537.36\"","service":"acquisitions-api","timestamp":"2026-02-28T07:45:19.176Z"}
{"level":"error","message":"Signup error password is not defined","service":"acquisitions-api","stack":"ReferenceError: password is not defined\n    at signup (file:///C:/Users/Admin/Documents/Devops/acquisitions/acquisitions/src/controllers/auth.controller.js:17:54)\n    at Layer.handleRequest (C:\\Users\\Admin\\Documents\\Devops\\acquisitions\\acquisitions\\node_modules\\router\\lib\\layer.js:152:17)\n    at next (C:\\Users\\Admin\\Documents\\Devops\\acquisitions\\acquisitions\\node_modules\\router\\lib\\route.js:157:13)\n    at Route.dispatch (C:\\Users\\Admin\\Documents\\Devops\\acquisitions\\acquisitions\\node_modules\\router\\lib\\route.js:117:3)\n    at handle (C:\\Users\\Admin\\Documents\\Devops\\acquisitions\\acquisitions\\node_modules\\router\\index.js:435:11)\n    at Layer.handleRequest (C:\\Users\\Admin\\Documents\\Devops\\acquisitions\\acquisitions\\node_modules\\router\\lib\\layer.js:152:17)\n    at C:\\Users\\Admin\\Documents\\Devops\\acquisitions\\acquisitions\\node_modules\\router\\index.js:295:15\n    at processParams (C:\\Users\\Admin\\Documents\\Devops\\acquisitions\\acquisitions\\node_modules\\router\\index.js:582:12)\n    at next (C:\\Users\\Admin\\Documents\\Devops\\acquisitions\\acquisitions\\node_modules\\router\\index.js:291:5)\n    at Function.handle (C:\\Users\\Admin\\Documents\\Devops\\acquisitions\\acquisitions\\node_modules\\router\\index.js:186:3)","timestamp":"2026-02-28T07:45:25.042Z"}
{"level":"info","message":"::1 - - [28/Feb/2026:07:45:25 +0000] \"POST /api/auth/sign-up HTTP/1.1\" 500 1459 \"-\" \"HTTPie\"","service":"acquisitions-api","timestamp":"2026-02-28T07:45:25.046Z"}
{"level":"error","message":"Signup error password is not defined","service":"acquisitions-api","stack":"ReferenceError: password is not defined\n    at signup (file:///C:/Users/Admin/Documents/Devops/acquisitions/acquisitions/src/controllers/auth.controller.js:18:54)\n    at Layer.handleRequest (C:\\Users\\Admin\\Documents\\Devops\\acquisitions\\acquisitions\\node_modules\\router\\lib\\layer.js:152:17)\n    at next (C:\\Users\\Admin\\Documents\\Devops\\acquisitions\\acquisitions\\node_modules\\router\\lib\\route.js:157:13)\n    at Route.dispatch (C:\\Users\\Admin\\Documents\\Devops\\acquisitions\\acquisitions\\node_modules\\router\\lib\\route.js:117:3)\n    at handle (C:\\Users\\Admin\\Documents\\Devops\\acquisitions\\acquisitions\\node_modules\\router\\index.js:435:11)\n    at Layer.handleRequest (C:\\Users\\Admin\\Documents\\Devops\\acquisitions\\acquisitions\\node_modules\\router\\lib\\layer.js:152:17)\n    at C:\\Users\\Admin\\Documents\\Devops\\acquisitions\\acquisitions\\node_modules\\router\\index.js:295:15\n    at processParams (C:\\Users\\Admin\\Documents\\Devops\\acquisitions\\acquisitions\\node_modules\\router\\index.js:582:12)\n    at next (C:\\Users\\Admin\\Documents\\Devops\\acquisitions\\acquisitions\\node_modules\\router\\index.js:291:5)\n    at Function.handle (C:\\Users\\Admin\\Documents\\Devops\\acquisitions\\acquisitions\\node_modules\\router\\index.js:186:3)","timestamp":"2026-02-28T07:46:51.969Z"}
{"level":"info","message":"::1 - - [28/Feb/2026:07:46:51 +0000] \"POST /api/auth/sign-up HTTP/1.1\" 500 1459 \"-\" \"HTTPie\"","service":"acquisitions-api","timestamp":"2026-02-28T07:46:51.980Z"}
{"level":"error","message":"Error creating the user: ReferenceError: db is not defined","service":"acquisitions-api","timestamp":"2026-02-28T07:47:19.584Z"}
{"level":"error","message":"Signup error db is not defined","service":"acquisitions-api","stack":"ReferenceError: db is not defined\n    at createUser (file:///C:/Users/Admin/Documents/Devops/acquisitions/acquisitions/src/services/auth.service.js:15:30)\n    at signup (file:///C:/Users/Admin/Documents/Devops/acquisitions/acquisitions/src/controllers/auth.controller.js:18:28)\n    at Layer.handleRequest (C:\\Users\\Admin\\Documents\\Devops\\acquisitions\\acquisitions\\node_modules\\router\\lib\\layer.js:152:17)\n    at next (C:\\Users\\Admin\\Documents\\Devops\\acquisitions\\acquisitions\\node_modules\\router\\lib\\route.js:157:13)\n    at Route.dispatch (C:\\Users\\Admin\\Documents\\Devops\\acquisitions\\acquisitions\\node_modules\\router\\lib\\route.js:117:3)\n    at handle (C:\\Users\\Admin\\Documents\\Devops\\acquisitions\\acquisitions\\node_modules\\router\\index.js:435:11)\n    at Layer.handleRequest (C:\\Users\\Admin\\Documents\\Devops\\acquisitions\\acquisitions\\node_modules\\router\\lib\\layer.js:152:17)\n    at C:\\Users\\Admin\\Documents\\Devops\\acquisitions\\acquisitions\\node_modules\\router\\index.js:295:15\n    at processParams (C:\\Users\\Admin\\Documents\\Devops\\acquisitions\\acquisitions\\node_modules\\router\\index.js:582:12)\n    at next (C:\\Users\\Admin\\Documents\\Devops\\acquisitions\\acquisitions\\node_modules\\router\\index.js:291:5)","timestamp":"2026-02-28T07:47:19.587Z"}
{"level":"info","message":"::1 - - [28/Feb/2026:07:47:19 +0000] \"POST /api/auth/sign-up HTTP/1.1\" 500 1456 \"-\" \"HTTPie\"","service":"acquisitions-api","timestamp":"2026-02-28T07:47:19.592Z"}
{"level":"error","message":"Error creating the user: ReferenceError: db is not defined","service":"acquisitions-api","timestamp":"2026-02-28T07:53:14.331Z"}
{"level":"info","message":"::1 - - [28/Feb/2026:07:53:14 +0000] \"POST /api/auth/sign-up HTTP/1.1\" 500 395 \"-\" \"HTTPie\"","service":"acquisitions-api","timestamp":"2026-02-28T07:53:14.338Z"}
{"level":"error","message":"Error creating the user: ReferenceError: db is not defined","service":"acquisitions-api","timestamp":"2026-02-28T07:53:48.459Z"}
{"level":"error","message":"Signup error db is not defined","service":"acquisitions-api","stack":"ReferenceError: db is not defined\n    at createUser (file:///C:/Users/Admin/Documents/Devops/acquisitions/acquisitions/src/services/auth.service.js:15:30)\n    at signup (file:///C:/Users/Admin/Documents/Devops/acquisitions/acquisitions/src/controllers/auth.controller.js:20:28)\n    at Layer.handleRequest (C:\\Users\\Admin\\Documents\\Devops\\acquisitions\\acquisitions\\node_modules\\router\\lib\\layer.js:152:17)\n    at next (C:\\Users\\Admin\\Documents\\Devops\\acquisitions\\acquisitions\\node_modules\\router\\lib\\route.js:157:13)\n    at Route.dispatch (C:\\Users\\Admin\\Documents\\Devops\\acquisitions\\acquisitions\\node_modules\\router\\lib\\route.js:117:3)\n    at handle (C:\\Users\\Admin\\Documents\\Devops\\acquisitions\\acquisitions\\node_modules\\router\\index.js:435:11)\n    at Layer.handleRequest (C:\\Users\\Admin\\Documents\\Devops\\acquisitions\\acquisitions\\node_modules\\router\\lib\\layer.js:152:17)\n    at C:\\Users\\Admin\\Documents\\Devops\\acquisitions\\acquisitions\\node_modules\\router\\index.js:295:15\n    at processParams (C:\\Users\\Admin\\Documents\\Devops\\acquisitions\\acquisitions\\node_modules\\router\\index.js:582:12)\n    at next (C:\\Users\\Admin\\Documents\\Devops\\acquisitions\\acquisitions\\node_modules\\router\\index.js:291:5)","timestamp":"2026-02-28T07:53:48.461Z"}
{"level":"info","message":"::1 - - [28/Feb/2026:07:53:48 +0000] \"POST /api/auth/sign-up HTTP/1.1\" 500 1456 \"-\" \"HTTPie\"","service":"acquisitions-api","timestamp":"2026-02-28T07:53:48.466Z"}
{"level":"info","message":"User contact@gmail.com created successfully:","service":"acquisitions-api","timestamp":"2026-02-28T07:59:03.194Z"}
{"level":"error","message":"Signup error secretOrPrivateKey must have a value","service":"acquisitions-api","stack":"Error: secretOrPrivateKey must have a value\n    at module.exports [as sign] (C:\\Users\\Admin\\Documents\\Devops\\acquisitions\\acquisitions\\node_modules\\jsonwebtoken\\sign.js:111:20)\n    at signup (file:///C:/Users/Admin/Documents/Devops/acquisitions/acquisitions/src/controllers/auth.controller.js:22:27)\n    at process.processTicksAndRejections (node:internal/process/task_queues:105:5)","timestamp":"2026-02-28T07:59:03.196Z"}
{"level":"info","message":"::1 - - [28/Feb/2026:07:59:03 +0000] \"POST /api/auth/sign-up HTTP/1.1\" 500 548 \"-\" \"HTTPie\"","service":"acquisitions-api","timestamp":"2026-02-28T07:59:03.200Z"}
{"level":"error","message":"Error creating the user: Error: User already exists","service":"acquisitions-api","timestamp":"2026-02-28T08:00:49.299Z"}
{"level":"error","message":"Signup error User already exists","service":"acquisitions-api","stack":"Error: User already exists\n    at createUser (file:///C:/Users/Admin/Documents/Devops/acquisitions/acquisitions/src/services/auth.service.js:19:44)\n    at process.processTicksAndRejections (node:internal/process/task_queues:105:5)\n    at async signup (file:///C:/Users/Admin/Documents/Devops/acquisitions/acquisitions/src/controllers/auth.controller.js:21:22)","timestamp":"2026-02-28T08:00:49.302Z"}
{"level":"info","message":"::1 - - [28/Feb/2026:08:00:49 +0000] \"POST /api/auth/sign-up HTTP/1.1\" 500 525 \"-\" \"HTTPie\"","service":"acquisitions-api","timestamp":"2026-02-28T08:00:49.308Z"}
{"level":"error","message":"Error creating the user: Error: User already exists","service":"acquisitions-api","timestamp":"2026-02-28T08:01:20.435Z"}
{"level":"error","message":"Signup error User already exists","service":"acquisitions-api","stack":"Error: User already exists\n    at createUser (file:///C:/Users/Admin/Documents/Devops/acquisitions/acquisitions/src/services/auth.service.js:19:44)\n    at process.processTicksAndRejections (node:internal/process/task_queues:105:5)\n    at async signup (file:///C:/Users/Admin/Documents/Devops/acquisitions/acquisitions/src/controllers/auth.controller.js:21:22)","timestamp":"2026-02-28T08:01:20.436Z"}
{"level":"info","message":"::1 - - [28/Feb/2026:08:01:20 +0000] \"POST /api/auth/sign-up HTTP/1.1\" 500 525 \"-\" \"HTTPie\"","service":"acquisitions-api","timestamp":"2026-02-28T08:01:20.438Z"}
{"level":"error","message":"Error creating the user: Error: User already exists","service":"acquisitions-api","timestamp":"2026-02-28T08:01:27.688Z"}
{"level":"error","message":"Signup error User already exists","service":"acquisitions-api","stack":"Error: User already exists\n    at createUser (file:///C:/Users/Admin/Documents/Devops/acquisitions/acquisitions/src/services/auth.service.js:19:44)\n    at process.processTicksAndRejections (node:internal/process/task_queues:105:5)\n    at async signup (file:///C:/Users/Admin/Documents/Devops/acquisitions/acquisitions/src/controllers/auth.controller.js:21:22)","timestamp":"2026-02-28T08:01:27.689Z"}
{"level":"info","message":"::1 - - [28/Feb/2026:08:01:27 +0000] \"POST /api/auth/sign-up HTTP/1.1\" 500 525 \"-\" \"HTTPie\"","service":"acquisitions-api","timestamp":"2026-02-28T08:01:27.690Z"}
{"level":"info","message":"User conbbtact@gmail.com created successfully:","service":"acquisitions-api","timestamp":"2026-02-28T08:01:34.557Z"}
{"level":"error","message":"Signup error secretOrPrivateKey must have a value","service":"acquisitions-api","stack":"Error: secretOrPrivateKey must have a value\n    at module.exports [as sign] (C:\\Users\\Admin\\Documents\\Devops\\acquisitions\\acquisitions\\node_modules\\jsonwebtoken\\sign.js:111:20)\n    at signup (file:///C:/Users/Admin/Documents/Devops/acquisitions/acquisitions/src/controllers/auth.controller.js:23:27)\n    at process.processTicksAndRejections (node:internal/process/task_queues:105:5)","timestamp":"2026-02-28T08:01:34.559Z"}
{"level":"info","message":"::1 - - [28/Feb/2026:08:01:34 +0000] \"POST /api/auth/sign-up HTTP/1.1\" 500 548 \"-\" \"HTTPie\"","service":"acquisitions-api","timestamp":"2026-02-28T08:01:34.561Z"}
{"level":"info","message":"User admin@jsmastery.pro created successfully:","service":"acquisitions-api","timestamp":"2026-02-28T08:04:10.142Z"}
{"level":"error","message":"Signup error secretOrPrivateKey must have a value","service":"acquisitions-api","stack":"Error: secretOrPrivateKey must have a value\n    at module.exports [as sign] (C:\\Users\\Admin\\Documents\\Devops\\acquisitions\\acquisitions\\node_modules\\jsonwebtoken\\sign.js:111:20)\n    at signup (file:///C:/Users/Admin/Documents/Devops/acquisitions/acquisitions/src/controllers/auth.controller.js:23:27)\n    at process.processTicksAndRejections (node:internal/process/task_queues:105:5)","timestamp":"2026-02-28T08:04:10.143Z"}
{"level":"info","message":"::1 - - [28/Feb/2026:08:04:10 +0000] \"POST /api/auth/sign-up HTTP/1.1\" 500 548 \"-\" \"HTTPie\"","service":"acquisitions-api","timestamp":"2026-02-28T08:04:10.144Z"}
{"level":"error","message":"Error creating the user: Error: User already exists","service":"acquisitions-api","timestamp":"2026-02-28T08:09:51.773Z"}
{"level":"error","message":"Signup error User already exists","service":"acquisitions-api","stack":"Error: User already exists\n    at createUser (file:///C:/Users/Admin/Documents/Devops/acquisitions/acquisitions/src/services/auth.service.js:19:44)\n    at process.processTicksAndRejections (node:internal/process/task_queues:105:5)\n    at async signup (file:///C:/Users/Admin/Documents/Devops/acquisitions/acquisitions/src/controllers/auth.controller.js:21:22)","timestamp":"2026-02-28T08:09:51.776Z"}
{"level":"info","message":"::1 - - [28/Feb/2026:08:09:51 +0000] \"POST /api/auth/sign-up HTTP/1.1\" 500 525 \"-\" \"HTTPie\"","service":"acquisitions-api","timestamp":"2026-02-28T08:09:51.780Z"}
{"level":"info","message":"User afsdmin@jsmastery.pro created successfully:","service":"acquisitions-api","timestamp":"2026-02-28T08:10:25.515Z"}
{"level":"info","message":"User registered successfully: afsdmin@jsmastery.pro","service":"acquisitions-api","timestamp":"2026-02-28T08:10:25.519Z"}
{"level":"info","message":"::1 - - [28/Feb/2026:08:10:25 +0000] \"POST /api/auth/sign-up HTTP/1.1\" 201 108 \"-\" \"HTTPie\"","service":"acquisitions-api","timestamp":"2026-02-28T08:10:25.521Z"}
{"level":"error","message":"Error creating the user: Error: User already exists","service":"acquisitions-api","timestamp":"2026-02-28T08:10:36.036Z"}
{"level":"error","message":"Signup error User already exists","service":"acquisitions-api","stack":"Error: User already exists\n    at createUser (file:///C:/Users/Admin/Documents/Devops/acquisitions/acquisitions/src/services/auth.service.js:19:44)\n    at process.processTicksAndRejections (node:internal/process/task_queues:105:5)\n    at async signup (file:///C:/Users/Admin/Documents/Devops/acquisitions/acquisitions/src/controllers/auth.controller.js:21:22)","timestamp":"2026-02-28T08:10:36.036Z"}
{"level":"info","message":"::1 - - [28/Feb/2026:08:10:36 +0000] \"POST /api/auth/sign-up HTTP/1.1\" 500 525 \"-\" \"HTTPie\"","service":"acquisitions-api","timestamp":"2026-02-28T08:10:36.038Z"}
{"level":"error","message":"Error creating the user: Error: User already exists","service":"acquisitions-api","timestamp":"2026-02-28T08:10:53.339Z"}
{"level":"error","message":"Signup error User already exists","service":"acquisitions-api","stack":"Error: User already exists\n    at createUser (file:///C:/Users/Admin/Documents/Devops/acquisitions/acquisitions/src/services/auth.service.js:19:44)\n    at process.processTicksAndRejections (node:internal/process/task_queues:105:5)\n    at async signup (file:///C:/Users/Admin/Documents/Devops/acquisitions/acquisitions/src/controllers/auth.controller.js:21:22)","timestamp":"2026-02-28T08:10:53.340Z"}
{"level":"info","message":"::1 - - [28/Feb/2026:08:10:53 +0000] \"POST /api/auth/sign-up HTTP/1.1\" 500 525 \"-\" \"HTTPie\"","service":"acquisitions-api","timestamp":"2026-02-28T08:10:53.342Z"}
{"level":"info","message":"User asfsdmin@jsmastery.pro created successfully:","service":"acquisitions-api","timestamp":"2026-02-28T08:11:03.499Z"}
{"level":"info","message":"User registered successfully: asfsdmin@jsmastery.pro","service":"acquisitions-api","timestamp":"2026-02-28T08:11:03.501Z"}
{"level":"info","message":"::1 - - [28/Feb/2026:08:11:03 +0000] \"POST /api/auth/sign-up HTTP/1.1\" 201 111 \"-\" \"HTTPie\"","service":"acquisitions-api","timestamp":"2026-02-28T08:11:03.502Z"}
{"level":"info","message":"User dasfsdmin@jsmastery.pro created successfully:","service":"acquisitions-api","timestamp":"2026-02-28T08:11:14.193Z"}
{"level":"info","message":"User registered successfully: dasfsdmin@jsmastery.pro","service":"acquisitions-api","timestamp":"2026-02-28T08:11:14.194Z"}
{"level":"info","message":"::1 - - [28/Feb/2026:08:11:14 +0000] \"POST /api/auth/sign-up HTTP/1.1\" 201 113 \"-\" \"HTTPie\"","service":"acquisitions-api","timestamp":"2026-02-28T08:11:14.195Z"}
{"level":"error","message":"Error creating the user: Error: User already exists","service":"acquisitions-api","timestamp":"2026-02-28T08:12:08.262Z"}
{"level":"error","message":"Signup error User already exists","service":"acquisitions-api","stack":"Error: User already exists\n    at createUser (file:///C:/Users/Admin/Documents/Devops/acquisitions/acquisitions/src/services/auth.service.js:19:44)\n    at process.processTicksAndRejections (node:internal/process/task_queues:105:5)\n    at async signup (file:///C:/Users/Admin/Documents/Devops/acquisitions/acquisitions/src/controllers/auth.controller.js:21:22)","timestamp":"2026-02-28T08:12:08.262Z"}
{"level":"info","message":"::1 - - [28/Feb/2026:08:12:08 +0000] \"POST /api/auth/sign-up HTTP/1.1\" 500 525 \"-\" \"HTTPie\"","service":"acquisitions-api","timestamp":"2026-02-28T08:12:08.263Z"}
{"level":"info","message":"User newuser@gmail.com created successfully:","service":"acquisitions-api","timestamp":"2026-02-28T08:14:22.282Z"}
{"level":"info","message":"User registered successfully: newuser@gmail.com","service":"acquisitions-api","timestamp":"2026-02-28T08:14:22.284Z"}
{"level":"info","message":"::1 - - [28/Feb/2026:08:14:22 +0000] \"POST /api/auth/sign-up HTTP/1.1\" 201 105 \"-\" \"HTTPie\"","service":"acquisitions-api","timestamp":"2026-02-28T08:14:22.285Z"}
{"level":"info","message":"User nuser@gmail.com created successfully:","service":"acquisitions-api","timestamp":"2026-02-28T08:15:13.300Z"}
{"level":"info","message":"User registered successfully: nuser@gmail.com","service":"acquisitions-api","timestamp":"2026-02-28T08:15:13.301Z"}
{"level":"info","message":"::1 - - [28/Feb/2026:08:15:13 +0000] \"POST /api/auth/sign-up HTTP/1.1\" 201 102 \"-\" \"HTTPie\"","service":"acquisitions-api","timestamp":"2026-02-28T08:15:13.302Z"}
{"level":"info","message":"User nvuser@gmail.com created successfully:","service":"acquisitions-api","timestamp":"2026-02-28T08:15:24.761Z"}
{"level":"info","message":"User registered successfully: nvuser@gmail.com","service":"acquisitions-api","timestamp":"2026-02-28T08:15:24.763Z"}
{"level":"info","message":"::1 - - [28/Feb/2026:08:15:24 +0000] \"POST /api/auth/sign-up HTTP/1.1\" 201 104 \"-\" \"HTTPie\"","service":"acquisitions-api","timestamp":"2026-02-28T08:15:24.763Z"}
{"level":"info","message":"::1 - - [28/Feb/2026:08:15:36 +0000] \"POST /api/auth/sign-up HTTP/1.1\" 400 92 \"-\" \"HTTPie\"","service":"acquisitions-api","timestamp":"2026-02-28T08:15:36.725Z"}
{"level":"error","message":"Error creating the user: Error: User already exists","service":"acquisitions-api","timestamp":"2026-02-28T08:15:43.548Z"}
{"level":"error","message":"Signup error User already exists","service":"acquisitions-api","stack":"Error: User already exists\n    at createUser (file:///C:/Users/Admin/Documents/Devops/acquisitions/acquisitions/src/services/auth.service.js:19:44)\n    at process.processTicksAndRejections (node:internal/process/task_queues:105:5)\n    at async signup (file:///C:/Users/Admin/Documents/Devops/acquisitions/acquisitions/src/controllers/auth.controller.js:21:22)","timestamp":"2026-02-28T08:15:43.549Z"}
{"level":"info","message":"::1 - - [28/Feb/2026:08:15:43 +0000] \"POST /api/auth/sign-up HTTP/1.1\" 500 525 \"-\" \"HTTPie\"","service":"acquisitions-api","timestamp":"2026-02-28T08:15:43.550Z"}
{"level":"info","message":"User nhhvuser@gmail.com created successfully:","service":"acquisitions-api","timestamp":"2026-02-28T08:16:07.082Z"}
{"level":"info","message":"User registered successfully: nhhvuser@gmail.com","service":"acquisitions-api","timestamp":"2026-02-28T08:16:07.083Z"}
{"level":"info","message":"::1 - - [28/Feb/2026:08:16:07 +0000] \"POST /api/auth/sign-up HTTP/1.1\" 201 109 \"-\" \"HTTPie\"","service":"acquisitions-api","timestamp":"2026-02-28T08:16:07.085Z"}
{"level":"info","message":"User nhhbbbvuser@gmail.com created successfully:","service":"acquisitions-api","timestamp":"2026-02-28T08:17:51.525Z"}
{"level":"info","message":"User registered successfully: nhhbbbvuser@gmail.com","service":"acquisitions-api","timestamp":"2026-02-28T08:17:51.527Z"}
{"level":"info","message":"::1 - - [28/Feb/2026:08:17:51 +0000] \"POST /api/auth/sign-up HTTP/1.1\" 201 114 \"-\" \"HTTPie\"","service":"acquisitions-api","timestamp":"2026-02-28T08:17:51.529Z"}
{"level":"info","message":"User nhhbbbcvuser@gmail.com created successfully:","service":"acquisitions-api","timestamp":"2026-02-28T08:21:55.411Z"}
{"level":"info","message":"User registered successfully: nhhbbbcvuser@gmail.com","service":"acquisitions-api","timestamp":"2026-02-28T08:21:55.416Z"}
{"level":"info","message":"::1 - - [28/Feb/2026:08:21:55 +0000] \"POST /api/auth/sign-up HTTP/1.1\" 201 116 \"-\" \"HTTPie\"","service":"acquisitions-api","timestamp":"2026-02-28T08:21:55.420Z"}
{"level":"info","message":"User nxhhbbbcvuser@gmail.com created successfully:","service":"acquisitions-api","timestamp":"2026-02-28T08:22:26.832Z"}
{"level":"info","message":"User registered successfully: nxhhbbbcvuser@gmail.com","service":"acquisitions-api","timestamp":"2026-02-28T08:22:26.834Z"}
{"level":"info","message":"::1 - - [28/Feb/2026:08:22:26 +0000] \"POST /api/auth/sign-up HTTP/1.1\" 201 118 \"-\" \"HTTPie\"","service":"acquisitions-api","timestamp":"2026-02-28T08:22:26.836Z"}
{"level":"info","message":"User fff@gmail.com created successfully:","service":"acquisitions-api","timestamp":"2026-02-28T08:22:45.973Z"}
{"level":"info","message":"User registered successfully: fff@gmail.com","service":"acquisitions-api","timestamp":"2026-02-28T08:22:45.975Z"}
{"level":"info","message":"::1 - - [28/Feb/2026:08:22:45 +0000] \"POST /api/auth/sign-up HTTP/1.1\" 201 110 \"-\" \"HTTPie\"","service":"acquisitions-api","timestamp":"2026-02-28T08:22:45.977Z"}
{"level":"error","message":"Error creating the user: Error: User already exists","service":"acquisitions-api","timestamp":"2026-02-28T08:38:02.331Z"}
{"level":"error","message":"Signup error User already exists","service":"acquisitions-api","stack":"Error: User already exists\n    at createUser (file:///C:/Users/Admin/Documents/Devops/acquisitions/acquisitions/src/services/auth.service.js:28:44)\n    at process.processTicksAndRejections (node:internal/process/task_queues:105:5)\n    at async signup (file:///C:/Users/Admin/Documents/Devops/acquisitions/acquisitions/src/controllers/auth.controller.js:21:22)","timestamp":"2026-02-28T08:38:02.334Z"}
{"level":"info","message":"::1 - - [28/Feb/2026:08:38:02 +0000] \"POST /api/auth/sign-up HTTP/1.1\" 500 525 \"-\" \"HTTPie\"","service":"acquisitions-api","timestamp":"2026-02-28T08:38:02.339Z"}
{"level":"info","message":"User eljinaguilar@gmail.com created successfully:","service":"acquisitions-api","timestamp":"2026-02-28T08:38:23.556Z"}
{"level":"info","message":"User registered successfully: eljinaguilar@gmail.com","service":"acquisitions-api","timestamp":"2026-02-28T08:38:23.560Z"}
{"level":"info","message":"::1 - - [28/Feb/2026:08:38:23 +0000] \"POST /api/auth/sign-up HTTP/1.1\" 201 108 \"-\" \"HTTPie\"","service":"acquisitions-api","timestamp":"2026-02-28T08:38:23.563Z"}
{"level":"error","message":"Error creating the user: Error: User already exists","service":"acquisitions-api","timestamp":"2026-02-28T08:38:27.540Z"}
{"level":"error","message":"Signup error User already exists","service":"acquisitions-api","stack":"Error: User already exists\n    at createUser (file:///C:/Users/Admin/Documents/Devops/acquisitions/acquisitions/src/services/auth.service.js:28:44)\n    at process.processTicksAndRejections (node:internal/process/task_queues:105:5)\n    at async signup (file:///C:/Users/Admin/Documents/Devops/acquisitions/acquisitions/src/controllers/auth.controller.js:21:22)","timestamp":"2026-02-28T08:38:27.541Z"}
{"level":"info","message":"::1 - - [28/Feb/2026:08:38:27 +0000] \"POST /api/auth/sign-up HTTP/1.1\" 500 525 \"-\" \"HTTPie\"","service":"acquisitions-api","timestamp":"2026-02-28T08:38:27.542Z"}
{"level":"info","message":"::1 - - [28/Feb/2026:08:38:32 +0000] \"POST /api/auth/sign-in HTTP/1.1\" 200 31 \"-\" \"HTTPie\"","service":"acquisitions-api","timestamp":"2026-02-28T08:38:32.090Z"}
{"level":"info","message":"::1 - - [28/Feb/2026:08:38:35 +0000] \"POST /api/auth/sign-in HTTP/1.1\" 200 31 \"-\" \"HTTPie\"","service":"acquisitions-api","timestamp":"2026-02-28T08:38:35.760Z"}
{"level":"info","message":"::1 - - [28/Feb/2026:08:38:45 +0000] \"POST /api/auth/sign-in HTTP/1.1\" 200 31 \"-\" \"HTTPie\"","service":"acquisitions-api","timestamp":"2026-02-28T08:38:45.002Z"}
{"level":"info","message":"::1 - - [28/Feb/2026:08:38:46 +0000] \"POST /api/auth/sign-in HTTP/1.1\" 200 31 \"-\" \"HTTPie\"","service":"acquisitions-api","timestamp":"2026-02-28T08:38:46.143Z"}
{"level":"info","message":"::1 - - [28/Feb/2026:08:38:47 +0000] \"POST /api/auth/sign-in HTTP/1.1\" 200 31 \"-\" \"HTTPie\"","service":"acquisitions-api","timestamp":"2026-02-28T08:38:47.251Z"}
{"level":"info","message":"::1 - - [28/Feb/2026:08:38:52 +0000] \"POST /api/auth/sign-in HTTP/1.1\" 200 31 \"-\" \"HTTPie\"","service":"acquisitions-api","timestamp":"2026-02-28T08:38:52.234Z"}
{"level":"info","message":"User logged in successfully: eljinaguilar@gmail.com","service":"acquisitions-api","timestamp":"2026-02-28T08:40:33.039Z"}
{"level":"info","message":"::1 - - [28/Feb/2026:08:40:33 +0000] \"POST /api/auth/sign-in HTTP/1.1\" 200 107 \"-\" \"HTTPie\"","service":"acquisitions-api","timestamp":"2026-02-28T08:40:33.044Z"}
{"level":"info","message":"User logged in successfully: eljinaguilar@gmail.com","service":"acquisitions-api","timestamp":"2026-02-28T08:40:35.557Z"}
{"level":"info","message":"::1 - - [28/Feb/2026:08:40:35 +0000] \"POST /api/auth/sign-in HTTP/1.1\" 200 107 \"-\" \"HTTPie\"","service":"acquisitions-api","timestamp":"2026-02-28T08:40:35.559Z"}
{"level":"info","message":"User logged in successfully: eljinaguilar@gmail.com","service":"acquisitions-api","timestamp":"2026-02-28T08:40:42.092Z"}
{"level":"info","message":"::1 - - [28/Feb/2026:08:40:42 +0000] \"POST /api/auth/sign-in HTTP/1.1\" 200 107 \"-\" \"HTTPie\"","service":"acquisitions-api","timestamp":"2026-02-28T08:40:42.093Z"}
{"level":"error","message":"Authentication error: Error: User not found","service":"acquisitions-api","timestamp":"2026-02-28T08:40:50.372Z"}
{"level":"error","message":"Sign-in error User not found","service":"acquisitions-api","stack":"Error: User not found\n    at authenticateUser (file:///C:/Users/Admin/Documents/Devops/acquisitions/acquisitions/src/services/auth.service.js:51:41)\n    at process.processTicksAndRejections (node:internal/process/task_queues:105:5)\n    at async signIn (file:///C:/Users/Admin/Documents/Devops/acquisitions/acquisitions/src/controllers/auth.controller.js:56:22)","timestamp":"2026-02-28T08:40:50.373Z"}
{"level":"info","message":"::1 - - [28/Feb/2026:08:40:50 +0000] \"POST /api/auth/sign-in HTTP/1.1\" 401 37 \"-\" \"HTTPie\"","service":"acquisitions-api","timestamp":"2026-02-28T08:40:50.374Z"}
{"level":"info","message":"User logged in successfully: eljinaguilar@gmail.com","service":"acquisitions-api","timestamp":"2026-02-28T08:40:57.883Z"}
{"level":"info","message":"::1 - - [28/Feb/2026:08:40:57 +0000] \"POST /api/auth/sign-in HTTP/1.1\" 200 107 \"-\" \"HTTPie\"","service":"acquisitions-api","timestamp":"2026-02-28T08:40:57.885Z"}
{"level":"info","message":"::1 - - [28/Feb/2026:08:41:05 +0000] \"POST /api/auth/sign-in HTTP/1.1\" 400 43 \"-\" \"HTTPie\"","service":"acquisitions-api","timestamp":"2026-02-28T08:41:05.115Z"}
{"level":"info","message":"::1 - - [28/Feb/2026:08:41:11 +0000] \"GET /api/auth/sign-in HTTP/1.1\" 404 155 \"-\" \"HTTPie\"","service":"acquisitions-api","timestamp":"2026-02-28T08:41:11.958Z"}
{"level":"info","message":"User logged out","service":"acquisitions-api","timestamp":"2026-02-28T08:41:19.443Z"}
{"level":"info","message":"::1 - - [28/Feb/2026:08:41:19 +0000] \"POST /api/auth/sign-out HTTP/1.1\" 200 29 \"-\" \"HTTPie\"","service":"acquisitions-api","timestamp":"2026-02-28T08:41:19.444Z"}
{"level":"info","message":"User logged out","service":"acquisitions-api","timestamp":"2026-02-28T09:10:31.962Z"}
{"level":"info","message":"::1 - - [28/Feb/2026:09:10:31 +0000] \"POST /api/auth/sign-out HTTP/1.1\" 200 29 \"-\" \"HTTPie\"","service":"acquisitions-api","timestamp":"2026-02-28T09:10:31.968Z"}
{"level":"info","message":"User logged out","service":"acquisitions-api","timestamp":"2026-02-28T09:10:34.331Z"}
{"level":"info","message":"::1 - - [28/Feb/2026:09:10:34 +0000] \"POST /api/auth/sign-out HTTP/1.1\" 200 29 \"-\" \"HTTPie\"","service":"acquisitions-api","timestamp":"2026-02-28T09:10:34.338Z"}
{"level":"info","message":"::1 - - [28/Feb/2026:09:10:40 +0000] \"POST /api/auth/sign-in HTTP/1.1\" 400 43 \"-\" \"HTTPie\"","service":"acquisitions-api","timestamp":"2026-02-28T09:10:40.330Z"}
{"level":"info","message":"::1 - - [28/Feb/2026:09:10:51 +0000] \"POST /api/auth/sign-in HTTP/1.1\" 400 43 \"-\" \"HTTPie\"","service":"acquisitions-api","timestamp":"2026-02-28T09:10:51.337Z"}
{"level":"info","message":"::1 - - [28/Feb/2026:09:11:20 +0000] \"POST /api/auth/sign-in HTTP/1.1\" 400 43 \"-\" \"HTTPie\"","service":"acquisitions-api","timestamp":"2026-02-28T09:11:20.706Z"}
{"level":"info","message":"User logged in successfully: conbbtact@gmail.com","service":"acquisitions-api","timestamp":"2026-02-28T09:11:39.218Z"}
{"level":"info","message":"::1 - - [28/Feb/2026:09:11:39 +0000] \"POST /api/auth/sign-in HTTP/1.1\" 200 112 \"-\" \"HTTPie\"","service":"acquisitions-api","timestamp":"2026-02-28T09:11:39.221Z"}
{"level":"info","message":"User logged in successfully: conbbtact@gmail.com","service":"acquisitions-api","timestamp":"2026-02-28T09:11:48.454Z"}
{"level":"info","message":"::1 - - [28/Feb/2026:09:11:48 +0000] \"POST /api/auth/sign-in HTTP/1.1\" 200 112 \"-\" \"HTTPie\"","service":"acquisitions-api","timestamp":"2026-02-28T09:11:48.456Z"}
{"level":"info","message":"User logged in successfully: conbbtact@gmail.com","service":"acquisitions-api","timestamp":"2026-02-28T09:11:55.621Z"}
{"level":"info","message":"::1 - - [28/Feb/2026:09:11:55 +0000] \"POST /api/auth/sign-in HTTP/1.1\" 200 112 \"-\" \"HTTPie\"","service":"acquisitions-api","timestamp":"2026-02-28T09:11:55.622Z"}
{"level":"info","message":"::1 - - [28/Feb/2026:10:05:47 +0000] \"POST /api/auth/sign-in HTTP/1.1\" - - \"-\" \"HTTPie\"","service":"acquisitions-api","timestamp":"2026-02-28T10:05:47.187Z"}
{"level":"info","message":"::1 - - [28/Feb/2026:10:06:25 +0000] \"POST / HTTP/1.1\" - - \"-\" \"HTTPie\"","service":"acquisitions-api","timestamp":"2026-02-28T10:06:25.890Z"}
{"level":"info","message":"::1 - - [28/Feb/2026:10:07:01 +0000] \"GET / HTTP/1.1\" - - \"-\" \"Mozilla/5.0 (Windows NT 10.0; Win64; x64) AppleWebKit/537.36 (KHTML, like Gecko) Chrome/145.0.0.0 Safari/537.36\"","service":"acquisitions-api","timestamp":"2026-02-28T10:07:01.240Z"}
{"level":"info","message":"::1 - - [28/Feb/2026:10:08:24 +0000] \"POST / HTTP/1.1\" - - \"-\" \"HTTPie\"","service":"acquisitions-api","timestamp":"2026-02-28T10:08:24.888Z"}
{"level":"info","message":"::1 - - [28/Feb/2026:10:09:24 +0000] \"GET / HTTP/1.1\" - - \"-\" \"Mozilla/5.0 (Windows NT 10.0; Win64; x64) AppleWebKit/537.36 (KHTML, like Gecko) Chrome/145.0.0.0 Safari/537.36\"","service":"acquisitions-api","timestamp":"2026-02-28T10:09:24.719Z"}
{"level":"info","message":"Hello from Acquisitions!","service":"acquisitions-api","timestamp":"2026-02-28T10:10:37.198Z"}
{"level":"info","message":"::1 - - [28/Feb/2026:10:10:37 +0000] \"GET / HTTP/1.1\" 200 24 \"-\" \"HTTPie\"","service":"acquisitions-api","timestamp":"2026-02-28T10:10:37.204Z"}
{"level":"info","message":"Hello from Acquisitions!","service":"acquisitions-api","timestamp":"2026-02-28T10:10:38.894Z"}
{"level":"info","message":"::1 - - [28/Feb/2026:10:10:38 +0000] \"GET / HTTP/1.1\" 200 24 \"-\" \"HTTPie\"","service":"acquisitions-api","timestamp":"2026-02-28T10:10:38.900Z"}
{"level":"info","message":"Hello from Acquisitions!","service":"acquisitions-api","timestamp":"2026-02-28T10:10:39.055Z"}
{"level":"info","message":"::1 - - [28/Feb/2026:10:10:39 +0000] \"GET / HTTP/1.1\" 200 24 \"-\" \"HTTPie\"","service":"acquisitions-api","timestamp":"2026-02-28T10:10:39.056Z"}
{"level":"info","message":"Hello from Acquisitions!","service":"acquisitions-api","timestamp":"2026-02-28T10:10:39.273Z"}
{"level":"info","message":"::1 - - [28/Feb/2026:10:10:39 +0000] \"GET / HTTP/1.1\" 200 24 \"-\" \"HTTPie\"","service":"acquisitions-api","timestamp":"2026-02-28T10:10:39.275Z"}
{"level":"info","message":"Hello from Acquisitions!","service":"acquisitions-api","timestamp":"2026-02-28T10:10:40.064Z"}
{"level":"info","message":"::1 - - [28/Feb/2026:10:10:40 +0000] \"GET / HTTP/1.1\" 200 24 \"-\" \"HTTPie\"","service":"acquisitions-api","timestamp":"2026-02-28T10:10:40.066Z"}
{"ip":"::1","level":"warn","message":"Rate limit exceeded","method":"GET","path":"/","service":"acquisitions-api","timestamp":"2026-02-28T10:10:40.236Z","userAgent":"HTTPie"}
{"level":"info","message":"::1 - - [28/Feb/2026:10:10:40 +0000] \"GET / HTTP/1.1\" 403 51 \"-\" \"HTTPie\"","service":"acquisitions-api","timestamp":"2026-02-28T10:10:40.238Z"}
{"ip":"::1","level":"warn","message":"Rate limit exceeded","method":"GET","path":"/","service":"acquisitions-api","timestamp":"2026-02-28T10:10:40.337Z","userAgent":"HTTPie"}
{"level":"info","message":"::1 - - [28/Feb/2026:10:10:40 +0000] \"GET / HTTP/1.1\" 403 51 \"-\" \"HTTPie\"","service":"acquisitions-api","timestamp":"2026-02-28T10:10:40.338Z"}
{"ip":"::1","level":"warn","message":"Rate limit exceeded","method":"GET","path":"/","service":"acquisitions-api","timestamp":"2026-02-28T10:10:40.477Z","userAgent":"HTTPie"}
{"level":"info","message":"::1 - - [28/Feb/2026:10:10:40 +0000] \"GET / HTTP/1.1\" 403 51 \"-\" \"HTTPie\"","service":"acquisitions-api","timestamp":"2026-02-28T10:10:40.478Z"}
{"ip":"::1","level":"warn","message":"Rate limit exceeded","method":"GET","path":"/","service":"acquisitions-api","timestamp":"2026-02-28T10:10:40.633Z","userAgent":"HTTPie"}
{"level":"info","message":"::1 - - [28/Feb/2026:10:10:40 +0000] \"GET / HTTP/1.1\" 403 51 \"-\" \"HTTPie\"","service":"acquisitions-api","timestamp":"2026-02-28T10:10:40.634Z"}
{"ip":"::1","level":"warn","message":"Rate limit exceeded","method":"GET","path":"/","service":"acquisitions-api","timestamp":"2026-02-28T10:10:40.800Z","userAgent":"HTTPie"}
{"level":"info","message":"::1 - - [28/Feb/2026:10:10:40 +0000] \"GET / HTTP/1.1\" 403 51 \"-\" \"HTTPie\"","service":"acquisitions-api","timestamp":"2026-02-28T10:10:40.802Z"}
{"ip":"::1","level":"warn","message":"Rate limit exceeded","method":"GET","path":"/","service":"acquisitions-api","timestamp":"2026-02-28T10:10:41.017Z","userAgent":"HTTPie"}
{"level":"info","message":"::1 - - [28/Feb/2026:10:10:41 +0000] \"GET / HTTP/1.1\" 403 51 \"-\" \"HTTPie\"","service":"acquisitions-api","timestamp":"2026-02-28T10:10:41.018Z"}
{"ip":"::1","level":"warn","message":"Rate limit exceeded","method":"GET","path":"/","service":"acquisitions-api","timestamp":"2026-02-28T10:10:42.138Z","userAgent":"HTTPie"}
{"level":"info","message":"::1 - - [28/Feb/2026:10:10:42 +0000] \"GET / HTTP/1.1\" 403 51 \"-\" \"HTTPie\"","service":"acquisitions-api","timestamp":"2026-02-28T10:10:42.139Z"}
{"ip":"::1","level":"warn","message":"Rate limit exceeded","method":"GET","path":"/","service":"acquisitions-api","timestamp":"2026-02-28T10:10:42.286Z","userAgent":"HTTPie"}
{"level":"info","message":"::1 - - [28/Feb/2026:10:10:42 +0000] \"GET / HTTP/1.1\" 403 51 \"-\" \"HTTPie\"","service":"acquisitions-api","timestamp":"2026-02-28T10:10:42.287Z"}
{"ip":"::1","level":"warn","message":"Rate limit exceeded","method":"GET","path":"/","service":"acquisitions-api","timestamp":"2026-02-28T10:10:42.449Z","userAgent":"HTTPie"}
{"level":"info","message":"::1 - - [28/Feb/2026:10:10:42 +0000] \"GET / HTTP/1.1\" 403 51 \"-\" \"HTTPie\"","service":"acquisitions-api","timestamp":"2026-02-28T10:10:42.451Z"}
{"ip":"::1","level":"warn","message":"Rate limit exceeded","method":"GET","path":"/","service":"acquisitions-api","timestamp":"2026-02-28T10:10:42.620Z","userAgent":"HTTPie"}
{"level":"info","message":"::1 - - [28/Feb/2026:10:10:42 +0000] \"GET / HTTP/1.1\" 403 51 \"-\" \"HTTPie\"","service":"acquisitions-api","timestamp":"2026-02-28T10:10:42.621Z"}
{"ip":"::1","level":"warn","message":"Rate limit exceeded","method":"GET","path":"/","service":"acquisitions-api","timestamp":"2026-02-28T10:10:42.760Z","userAgent":"HTTPie"}
{"level":"info","message":"::1 - - [28/Feb/2026:10:10:42 +0000] \"GET / HTTP/1.1\" 403 51 \"-\" \"HTTPie\"","service":"acquisitions-api","timestamp":"2026-02-28T10:10:42.762Z"}
{"ip":"::1","level":"warn","message":"Rate limit exceeded","method":"GET","path":"/","service":"acquisitions-api","timestamp":"2026-02-28T10:10:42.910Z","userAgent":"HTTPie"}
{"level":"info","message":"::1 - - [28/Feb/2026:10:10:42 +0000] \"GET / HTTP/1.1\" 403 51 \"-\" \"HTTPie\"","service":"acquisitions-api","timestamp":"2026-02-28T10:10:42.912Z"}
{"ip":"::1","level":"warn","message":"Rate limit exceeded","method":"GET","path":"/","service":"acquisitions-api","timestamp":"2026-02-28T10:10:43.081Z","userAgent":"HTTPie"}
{"level":"info","message":"::1 - - [28/Feb/2026:10:10:43 +0000] \"GET / HTTP/1.1\" 403 51 \"-\" \"HTTPie\"","service":"acquisitions-api","timestamp":"2026-02-28T10:10:43.082Z"}
{"ip":"::1","level":"warn","message":"Rate limit exceeded","method":"GET","path":"/","service":"acquisitions-api","timestamp":"2026-02-28T10:10:43.212Z","userAgent":"HTTPie"}
{"level":"info","message":"::1 - - [28/Feb/2026:10:10:43 +0000] \"GET / HTTP/1.1\" 403 51 \"-\" \"HTTPie\"","service":"acquisitions-api","timestamp":"2026-02-28T10:10:43.213Z"}
{"ip":"::1","level":"warn","message":"Rate limit exceeded","method":"GET","path":"/","service":"acquisitions-api","timestamp":"2026-02-28T10:10:43.429Z","userAgent":"HTTPie"}
{"level":"info","message":"::1 - - [28/Feb/2026:10:10:43 +0000] \"GET / HTTP/1.1\" 403 51 \"-\" \"HTTPie\"","service":"acquisitions-api","timestamp":"2026-02-28T10:10:43.430Z"}
{"level":"info","message":"::1 - - [28/Feb/2026:10:11:58 +0000] \"GET /health HTTP/1.1\" 200 73 \"-\" \"HTTPie\"","service":"acquisitions-api","timestamp":"2026-02-28T10:11:58.357Z"}
{"level":"info","message":"::1 - - [28/Feb/2026:10:12:02 +0000] \"GET /health HTTP/1.1\" 200 73 \"-\" \"HTTPie\"","service":"acquisitions-api","timestamp":"2026-02-28T10:12:02.118Z"}
{"level":"info","message":"::1 - - [28/Feb/2026:10:12:02 +0000] \"GET /health HTTP/1.1\" 200 72 \"-\" \"HTTPie\"","service":"acquisitions-api","timestamp":"2026-02-28T10:12:02.920Z"}
{"level":"info","message":"::1 - - [28/Feb/2026:10:12:03 +0000] \"GET /health HTTP/1.1\" 200 74 \"-\" \"HTTPie\"","service":"acquisitions-api","timestamp":"2026-02-28T10:12:03.705Z"}
{"level":"info","message":"::1 - - [28/Feb/2026:10:12:03 +0000] \"GET /health HTTP/1.1\" 200 74 \"-\" \"HTTPie\"","service":"acquisitions-api","timestamp":"2026-02-28T10:12:03.881Z"}
{"level":"info","message":"::1 - - [28/Feb/2026:10:12:04 +0000] \"GET /health HTTP/1.1\" 200 74 \"-\" \"HTTPie\"","service":"acquisitions-api","timestamp":"2026-02-28T10:12:04.070Z"}
{"ip":"::1","level":"warn","message":"Rate limit exceeded","method":"GET","path":"/health","service":"acquisitions-api","timestamp":"2026-02-28T10:12:04.234Z","userAgent":"HTTPie"}
{"level":"info","message":"::1 - - [28/Feb/2026:10:12:04 +0000] \"GET /health HTTP/1.1\" 403 51 \"-\" \"HTTPie\"","service":"acquisitions-api","timestamp":"2026-02-28T10:12:04.235Z"}
{"ip":"::1","level":"warn","message":"Rate limit exceeded","method":"GET","path":"/health","service":"acquisitions-api","timestamp":"2026-02-28T10:12:05.345Z","userAgent":"HTTPie"}
{"level":"info","message":"::1 - - [28/Feb/2026:10:12:05 +0000] \"GET /health HTTP/1.1\" 403 51 \"-\" \"HTTPie\"","service":"acquisitions-api","timestamp":"2026-02-28T10:12:05.347Z"}
{"ip":"::1","level":"warn","message":"Rate limit exceeded","method":"GET","path":"/health","service":"acquisitions-api","timestamp":"2026-02-28T10:12:05.711Z","userAgent":"HTTPie"}
{"level":"info","message":"::1 - - [28/Feb/2026:10:12:05 +0000] \"GET /health HTTP/1.1\" 403 51 \"-\" \"HTTPie\"","service":"acquisitions-api","timestamp":"2026-02-28T10:12:05.712Z"}
{"ip":"::1","level":"warn","message":"Rate limit exceeded","method":"GET","path":"/health","service":"acquisitions-api","timestamp":"2026-02-28T10:12:05.884Z","userAgent":"HTTPie"}
{"level":"info","message":"::1 - - [28/Feb/2026:10:12:05 +0000] \"GET /health HTTP/1.1\" 403 51 \"-\" \"HTTPie\"","service":"acquisitions-api","timestamp":"2026-02-28T10:12:05.885Z"}
{"ip":"::1","level":"warn","message":"Rate limit exceeded","method":"GET","path":"/health","service":"acquisitions-api","timestamp":"2026-02-28T10:12:06.027Z","userAgent":"HTTPie"}
{"level":"info","message":"::1 - - [28/Feb/2026:10:12:06 +0000] \"GET /health HTTP/1.1\" 403 51 \"-\" \"HTTPie\"","service":"acquisitions-api","timestamp":"2026-02-28T10:12:06.029Z"}
{"ip":"::1","level":"warn","message":"Rate limit exceeded","method":"GET","path":"/health","service":"acquisitions-api","timestamp":"2026-02-28T10:12:06.192Z","userAgent":"HTTPie"}
{"level":"info","message":"::1 - - [28/Feb/2026:10:12:06 +0000] \"GET /health HTTP/1.1\" 403 51 \"-\" \"HTTPie\"","service":"acquisitions-api","timestamp":"2026-02-28T10:12:06.194Z"}
{"ip":"::1","level":"warn","message":"Rate limit exceeded","method":"GET","path":"/health","service":"acquisitions-api","timestamp":"2026-02-28T10:12:06.321Z","userAgent":"HTTPie"}
{"level":"info","message":"::1 - - [28/Feb/2026:10:12:06 +0000] \"GET /health HTTP/1.1\" 403 51 \"-\" \"HTTPie\"","service":"acquisitions-api","timestamp":"2026-02-28T10:12:06.322Z"}
{"ip":"::1","level":"warn","message":"Rate limit exceeded","method":"GET","path":"/health","service":"acquisitions-api","timestamp":"2026-02-28T10:12:06.530Z","userAgent":"HTTPie"}
{"level":"info","message":"::1 - - [28/Feb/2026:10:12:06 +0000] \"GET /health HTTP/1.1\" 403 51 \"-\" \"HTTPie\"","service":"acquisitions-api","timestamp":"2026-02-28T10:12:06.531Z"}
{"ip":"::1","level":"warn","message":"Rate limit exceeded","method":"GET","path":"/health","service":"acquisitions-api","timestamp":"2026-02-28T10:12:06.700Z","userAgent":"HTTPie"}
{"level":"info","message":"::1 - - [28/Feb/2026:10:12:06 +0000] \"GET /health HTTP/1.1\" 403 51 \"-\" \"HTTPie\"","service":"acquisitions-api","timestamp":"2026-02-28T10:12:06.701Z"}
{"level":"info","message":"Hello from Acquisitions!","service":"acquisitions-api","timestamp":"2026-02-28T12:00:25.147Z"}
{"level":"info","message":"::1 - - [28/Feb/2026:12:00:25 +0000] \"GET / HTTP/1.1\" 200 24 \"-\" \"Mozilla/5.0 (Windows NT 10.0; Win64; x64) AppleWebKit/537.36 (KHTML, like Gecko) Chrome/145.0.0.0 Safari/537.36\"","service":"acquisitions-api","timestamp":"2026-02-28T12:00:25.154Z"}
{"level":"info","message":"::1 - - [28/Feb/2026:12:00:25 +0000] \"GET /favicon.ico HTTP/1.1\" 404 150 \"-\" \"Mozilla/5.0 (Windows NT 10.0; Win64; x64) AppleWebKit/537.36 (KHTML, like Gecko) Chrome/145.0.0.0 Safari/537.36\"","service":"acquisitions-api","timestamp":"2026-02-28T12:00:25.295Z"}
{"level":"info","message":"::1 - - [28/Feb/2026:12:02:17 +0000] \"GET /health HTTP/1.1\" 200 74 \"-\" \"HTTPie\"","service":"acquisitions-api","timestamp":"2026-02-28T12:02:17.744Z"}
{"level":"info","message":"::1 - - [28/Feb/2026:12:02:30 +0000] \"POST /sign-up HTTP/1.1\" 404 147 \"-\" \"HTTPie\"","service":"acquisitions-api","timestamp":"2026-02-28T12:02:30.423Z"}
{"level":"info","message":"::1 - - [28/Feb/2026:12:02:41 +0000] \"POST /sign-in HTTP/1.1\" 404 147 \"-\" \"HTTPie\"","service":"acquisitions-api","timestamp":"2026-02-28T12:02:41.464Z"}
{"level":"info","message":"::1 - - [28/Feb/2026:12:03:18 +0000] \"POST /health HTTP/1.1\" 404 146 \"-\" \"HTTPie\"","service":"acquisitions-api","timestamp":"2026-02-28T12:03:18.067Z"}
{"level":"info","message":"::1 - - [28/Feb/2026:12:03:56 +0000] \"POST //sign-up HTTP/1.1\" 404 148 \"-\" \"HTTPie\"","service":"acquisitions-api","timestamp":"2026-02-28T12:03:56.899Z"}
{"level":"info","message":"::1 - - [28/Feb/2026:12:04:10 +0000] \"POST /sign-up HTTP/1.1\" 404 147 \"-\" \"HTTPie\"","service":"acquisitions-api","timestamp":"2026-02-28T12:04:10.891Z"}
{"level":"info","message":"::1 - - [28/Feb/2026:12:05:30 +0000] \"POST /api/auth/sign-up HTTP/1.1\" 400 92 \"-\" \"HTTPie\"","service":"acquisitions-api","timestamp":"2026-02-28T12:05:30.590Z"}
{"level":"info","message":"User logged in successfully: conbbtact@gmail.com","service":"acquisitions-api","timestamp":"2026-02-28T12:05:39.151Z"}
{"level":"info","message":"::1 - - [28/Feb/2026:12:05:39 +0000] \"POST /api/auth/sign-in HTTP/1.1\" 200 112 \"-\" \"HTTPie\"","service":"acquisitions-api","timestamp":"2026-02-28T12:05:39.152Z"}
{"level":"info","message":"Hello from Acquisitions!","service":"acquisitions-api","timestamp":"2026-02-28T12:43:44.947Z"}
{"level":"info","message":"::1 - - [28/Feb/2026:12:43:44 +0000] \"GET / HTTP/1.1\" 200 24 \"-\" \"Mozilla/5.0 (Windows NT 10.0; Win64; x64) AppleWebKit/537.36 (KHTML, like Gecko) Chrome/145.0.0.0 Safari/537.36\"","service":"acquisitions-api","timestamp":"2026-02-28T12:43:44.955Z"}
{"level":"info","message":"::1 - - [28/Feb/2026:12:43:45 +0000] \"GET /favicon.ico HTTP/1.1\" 404 150 \"-\" \"Mozilla/5.0 (Windows NT 10.0; Win64; x64) AppleWebKit/537.36 (KHTML, like Gecko) Chrome/145.0.0.0 Safari/537.36\"","service":"acquisitions-api","timestamp":"2026-02-28T12:43:45.096Z"}
{"level":"info","message":"Hello from Acquisitions!","service":"acquisitions-api","timestamp":"2026-02-28T12:44:35.311Z"}
{"level":"info","message":"::1 - - [28/Feb/2026:12:44:35 +0000] \"GET / HTTP/1.1\" 304 - \"-\" \"Mozilla/5.0 (Windows NT 10.0; Win64; x64) AppleWebKit/537.36 (KHTML, like Gecko) Chrome/145.0.0.0 Safari/537.36\"","service":"acquisitions-api","timestamp":"2026-02-28T12:44:35.313Z"}
{"level":"info","message":"User logged in successfully: conbbtact@gmail.com","service":"acquisitions-api","timestamp":"2026-02-28T12:44:45.140Z"}
{"level":"info","message":"::1 - - [28/Feb/2026:12:44:45 +0000] \"POST /api/auth/sign-in HTTP/1.1\" 200 112 \"-\" \"HTTPie\"","service":"acquisitions-api","timestamp":"2026-02-28T12:44:45.142Z"}
{"level":"info","message":"User logged in successfully: conbbtact@gmail.com","service":"acquisitions-api","timestamp":"2026-02-28T12:44:48.625Z"}
{"level":"info","message":"::1 - - [28/Feb/2026:12:44:48 +0000] \"POST /api/auth/sign-in HTTP/1.1\" 200 112 \"-\" \"HTTPie\"","service":"acquisitions-api","timestamp":"2026-02-28T12:44:48.626Z"}
{"level":"info","message":"User logged in successfully: conbbtact@gmail.com","service":"acquisitions-api","timestamp":"2026-02-28T12:47:53.771Z"}
{"level":"info","message":"::1 - - [28/Feb/2026:12:47:53 +0000] \"POST /api/auth/sign-in HTTP/1.1\" 200 112 \"-\" \"HTTPie\"","service":"acquisitions-api","timestamp":"2026-02-28T12:47:53.773Z"}
{"level":"info","message":"User logged in successfully: conbbtact@gmail.com","service":"acquisitions-api","timestamp":"2026-02-28T12:47:57.018Z"}
{"level":"info","message":"::1 - - [28/Feb/2026:12:47:57 +0000] \"POST /api/auth/sign-in HTTP/1.1\" 200 112 \"-\" \"HTTPie\"","service":"acquisitions-api","timestamp":"2026-02-28T12:47:57.020Z"}
{"level":"info","message":"User logged in successfully: conbbtact@gmail.com","service":"acquisitions-api","timestamp":"2026-02-28T12:47:58.225Z"}
{"level":"info","message":"::1 - - [28/Feb/2026:12:47:58 +0000] \"POST /api/auth/sign-in HTTP/1.1\" 200 112 \"-\" \"HTTPie\"","service":"acquisitions-api","timestamp":"2026-02-28T12:47:58.227Z"}
{"level":"info","message":"User logged in successfully: conbbtact@gmail.com","service":"acquisitions-api","timestamp":"2026-02-28T12:47:59.027Z"}
{"level":"info","message":"::1 - - [28/Feb/2026:12:47:59 +0000] \"POST /api/auth/sign-in HTTP/1.1\" 200 112 \"-\" \"HTTPie\"","service":"acquisitions-api","timestamp":"2026-02-28T12:47:59.029Z"}
{"level":"info","message":"User logged in successfully: conbbtact@gmail.com","service":"acquisitions-api","timestamp":"2026-02-28T12:47:59.548Z"}
{"level":"info","message":"::1 - - [28/Feb/2026:12:47:59 +0000] \"POST /api/auth/sign-in HTTP/1.1\" 200 112 \"-\" \"HTTPie\"","service":"acquisitions-api","timestamp":"2026-02-28T12:47:59.549Z"}
{"level":"info","message":"User logged in successfully: conbbtact@gmail.com","service":"acquisitions-api","timestamp":"2026-02-28T12:48:00.053Z"}
{"level":"info","message":"::1 - - [28/Feb/2026:12:48:00 +0000] \"POST /api/auth/sign-in HTTP/1.1\" 200 112 \"-\" \"HTTPie\"","service":"acquisitions-api","timestamp":"2026-02-28T12:48:00.053Z"}
{"ip":"::1","level":"warn","message":"Rate limit exceeded","method":"POST","path":"/api/auth/sign-in","service":"acquisitions-api","timestamp":"2026-02-28T12:48:00.211Z","userAgent":"HTTPie"}
{"level":"info","message":"::1 - - [28/Feb/2026:12:48:00 +0000] \"POST /api/auth/sign-in HTTP/1.1\" 403 51 \"-\" \"HTTPie\"","service":"acquisitions-api","timestamp":"2026-02-28T12:48:00.212Z"}
{"ip":"::1","level":"warn","message":"Rate limit exceeded","method":"POST","path":"/api/auth/sign-in","service":"acquisitions-api","timestamp":"2026-02-28T12:48:00.343Z","userAgent":"HTTPie"}
{"level":"info","message":"::1 - - [28/Feb/2026:12:48:00 +0000] \"POST /api/auth/sign-in HTTP/1.1\" 403 51 \"-\" \"HTTPie\"","service":"acquisitions-api","timestamp":"2026-02-28T12:48:00.345Z"}
{"ip":"::1","level":"warn","message":"Rate limit exceeded","method":"POST","path":"/api/auth/sign-in","service":"acquisitions-api","timestamp":"2026-02-28T12:48:00.504Z","userAgent":"HTTPie"}
{"level":"info","message":"::1 - - [28/Feb/2026:12:48:00 +0000] \"POST /api/auth/sign-in HTTP/1.1\" 403 51 \"-\" \"HTTPie\"","service":"acquisitions-api","timestamp":"2026-02-28T12:48:00.506Z"}
{"ip":"::1","level":"warn","message":"Rate limit exceeded","method":"POST","path":"/api/auth/sign-in","service":"acquisitions-api","timestamp":"2026-02-28T12:48:00.677Z","userAgent":"HTTPie"}
{"level":"info","message":"::1 - - [28/Feb/2026:12:48:00 +0000] \"POST /api/auth/sign-in HTTP/1.1\" 403 51 \"-\" \"HTTPie\"","service":"acquisitions-api","timestamp":"2026-02-28T12:48:00.678Z"}
{"ip":"::1","level":"warn","message":"Rate limit exceeded","method":"POST","path":"/api/auth/sign-in","service":"acquisitions-api","timestamp":"2026-02-28T12:48:00.899Z","userAgent":"HTTPie"}
{"level":"info","message":"::1 - - [28/Feb/2026:12:48:00 +0000] \"POST /api/auth/sign-in HTTP/1.1\" 403 51 \"-\" \"HTTPie\"","service":"acquisitions-api","timestamp":"2026-02-28T12:48:00.900Z"}
{"ip":"::1","level":"warn","message":"Rate limit exceeded","method":"POST","path":"/api/auth/sign-in","service":"acquisitions-api","timestamp":"2026-02-28T12:48:11.228Z","userAgent":"HTTPie"}
{"level":"info","message":"::1 - - [28/Feb/2026:12:48:11 +0000] \"POST /api/auth/sign-in HTTP/1.1\" 403 51 \"-\" \"HTTPie\"","service":"acquisitions-api","timestamp":"2026-02-28T12:48:11.229Z"}
{"ip":"::1","level":"warn","message":"Rate limit exceeded","method":"POST","path":"/api/auth/sign-in","service":"acquisitions-api","timestamp":"2026-02-28T12:48:12.280Z","userAgent":"HTTPie"}
{"level":"info","message":"::1 - - [28/Feb/2026:12:48:12 +0000] \"POST /api/auth/sign-in HTTP/1.1\" 403 51 \"-\" \"HTTPie\"","service":"acquisitions-api","timestamp":"2026-02-28T12:48:12.281Z"}
{"ip":"::1","level":"warn","message":"Rate limit exceeded","method":"POST","path":"/api/auth/sign-in","service":"acquisitions-api","timestamp":"2026-02-28T12:48:15.801Z","userAgent":"HTTPie"}
{"level":"info","message":"::1 - - [28/Feb/2026:12:48:15 +0000] \"POST /api/auth/sign-in HTTP/1.1\" 403 51 \"-\" \"HTTPie\"","service":"acquisitions-api","timestamp":"2026-02-28T12:48:15.802Z"}
{"ip":"::1","level":"warn","message":"Rate limit exceeded","method":"POST","path":"/api/auth/sign-in","service":"acquisitions-api","timestamp":"2026-02-28T12:48:20.283Z","userAgent":"HTTPie"}
{"level":"info","message":"::1 - - [28/Feb/2026:12:48:20 +0000] \"POST /api/auth/sign-in HTTP/1.1\" 403 51 \"-\" \"HTTPie\"","service":"acquisitions-api","timestamp":"2026-02-28T12:48:20.284Z"}
{"ip":"::1","level":"warn","message":"Rate limit exceeded","method":"POST","path":"/api/auth/sign-up","service":"acquisitions-api","timestamp":"2026-02-28T12:48:24.780Z","userAgent":"HTTPie"}
{"level":"info","message":"::1 - - [28/Feb/2026:12:48:24 +0000] \"POST /api/auth/sign-up HTTP/1.1\" 403 51 \"-\" \"HTTPie\"","service":"acquisitions-api","timestamp":"2026-02-28T12:48:24.781Z"}
{"ip":"::1","level":"warn","message":"Rate limit exceeded","method":"POST","path":"/api/auth/sign-in","service":"acquisitions-api","timestamp":"2026-02-28T12:48:27.617Z","userAgent":"HTTPie"}
{"level":"info","message":"::1 - - [28/Feb/2026:12:48:27 +0000] \"POST /api/auth/sign-in HTTP/1.1\" 403 51 \"-\" \"HTTPie\"","service":"acquisitions-api","timestamp":"2026-02-28T12:48:27.618Z"}
{"level":"info","message":"::1 - - [28/Feb/2026:12:49:09 +0000] \"POST /api/auth/sign-up HTTP/1.1\" 400 92 \"-\" \"HTTPie\"","service":"acquisitions-api","timestamp":"2026-02-28T12:49:09.893Z"}
{"level":"info","message":"::1 - - [28/Feb/2026:12:49:49 +0000] \"POST /api/auth/sign-up HTTP/1.1\" 400 92 \"-\" \"HTTPie\"","service":"acquisitions-api","timestamp":"2026-02-28T12:49:49.390Z"}
{"level":"info","message":"::1 - - [28/Feb/2026:12:50:00 +0000] \"POST /api/auth/sign-up HTTP/1.1\" 400 92 \"-\" \"HTTPie\"","service":"acquisitions-api","timestamp":"2026-02-28T12:50:00.089Z"}
{"level":"info","message":"::1 - - [28/Feb/2026:12:50:08 +0000] \"POST /api/auth/sign-up HTTP/1.1\" 400 92 \"-\" \"HTTPie\"","service":"acquisitions-api","timestamp":"2026-02-28T12:50:08.275Z"}
{"level":"info","message":"::1 - - [28/Feb/2026:12:50:25 +0000] \"POST /api/auth/sign-up HTTP/1.1\" 400 143 \"-\" \"HTTPie\"","service":"acquisitions-api","timestamp":"2026-02-28T12:50:25.429Z"}
{"level":"info","message":"User logged in successfully: conbbtact@gmail.com","service":"acquisitions-api","timestamp":"2026-02-28T12:50:49.567Z"}
{"level":"info","message":"::1 - - [28/Feb/2026:12:50:49 +0000] \"POST /api/auth/sign-in HTTP/1.1\" 200 112 \"-\" \"HTTPie\"","service":"acquisitions-api","timestamp":"2026-02-28T12:50:49.568Z"}
{"level":"info","message":"User logged in successfully: conbbtact@gmail.com","service":"acquisitions-api","timestamp":"2026-02-28T12:51:43.101Z"}
{"level":"info","message":"::1 - - [28/Feb/2026:12:51:43 +0000] \"POST /api/auth/sign-in HTTP/1.1\" 200 112 \"-\" \"HTTPie\"","service":"acquisitions-api","timestamp":"2026-02-28T12:51:43.101Z"}
{"level":"info","message":"Hello from Acquisitions!","service":"acquisitions-api","timestamp":"2026-02-28T13:04:01.843Z"}
{"level":"info","message":"::1 - - [28/Feb/2026:13:04:01 +0000] \"GET / HTTP/1.1\" 200 24 \"-\" \"Mozilla/5.0 (Windows NT 10.0; Win64; x64) AppleWebKit/537.36 (KHTML, like Gecko) Chrome/145.0.0.0 Safari/537.36\"","service":"acquisitions-api","timestamp":"2026-02-28T13:04:01.850Z"}
